{"D:\\Media\\Dev\\Ettaisyyspolliisi\\.eslintrc.js": {"path":"D:\\Media\\Dev\\Ettaisyyspolliisi\\.eslintrc.js","statementMap":{"0":{"start":{"line":1,"column":0},"end":{"line":66,"column":1}}},"fnMap":{},"branchMap":{},"s":{"0":0},"f":{},"b":{}}
,"D:\\Media\\Dev\\Ettaisyyspolliisi\\App.js": {"path":"D:\\Media\\Dev\\Ettaisyyspolliisi\\App.js","statementMap":{"0":{"start":{"line":12,"column":15},"end":{"line":12,"column":38}},"1":{"start":{"line":13,"column":12},"end":{"line":50,"column":1}},"2":{"start":{"line":14,"column":2},"end":{"line":49,"column":24}},"3":{"start":{"line":31,"column":12},"end":{"line":33,"column":19}},"4":{"start":{"line":42,"column":12},"end":{"line":44,"column":19}}},"fnMap":{"0":{"name":"(anonymous_0)","decl":{"start":{"line":13,"column":12},"end":{"line":13,"column":13}},"loc":{"start":{"line":14,"column":2},"end":{"line":49,"column":24}},"line":14},"1":{"name":"(anonymous_1)","decl":{"start":{"line":30,"column":22},"end":{"line":30,"column":23}},"loc":{"start":{"line":31,"column":12},"end":{"line":33,"column":19}},"line":31},"2":{"name":"(anonymous_2)","decl":{"start":{"line":41,"column":22},"end":{"line":41,"column":23}},"loc":{"start":{"line":42,"column":12},"end":{"line":44,"column":19}},"line":42}},"branchMap":{},"s":{"0":0,"1":0,"2":0,"3":0,"4":0},"f":{"0":0,"1":0,"2":0},"b":{}}
,"D:\\Media\\Dev\\Ettaisyyspolliisi\\components\\Home.js": {"path":"D:\\Media\\Dev\\Ettaisyyspolliisi\\components\\Home.js","statementMap":{"0":{"start":{"line":15,"column":13},"end":{"line":124,"column":1}},"1":{"start":{"line":17,"column":24},"end":{"line":17,"column":36}},"2":{"start":{"line":20,"column":21},"end":{"line":20,"column":45}},"3":{"start":{"line":23,"column":34},"end":{"line":23,"column":73}},"4":{"start":{"line":24,"column":26},"end":{"line":24,"column":57}},"5":{"start":{"line":25,"column":36},"end":{"line":25,"column":50}},"6":{"start":{"line":28,"column":2},"end":{"line":34,"column":8}},"7":{"start":{"line":29,"column":17},"end":{"line":32,"column":5}},"8":{"start":{"line":30,"column":6},"end":{"line":30,"column":30}},"9":{"start":{"line":31,"column":6},"end":{"line":31,"column":40}},"10":{"start":{"line":33,"column":4},"end":{"line":33,"column":10}},"11":{"start":{"line":36,"column":2},"end":{"line":38,"column":16}},"12":{"start":{"line":37,"column":4},"end":{"line":37,"column":31}},"13":{"start":{"line":40,"column":2},"end":{"line":47,"column":8}},"14":{"start":{"line":41,"column":21},"end":{"line":43,"column":17}},"15":{"start":{"line":42,"column":6},"end":{"line":42,"column":40}},"16":{"start":{"line":44,"column":4},"end":{"line":46,"column":5}},"17":{"start":{"line":45,"column":6},"end":{"line":45,"column":29}},"18":{"start":{"line":50,"column":22},"end":{"line":52,"column":3}},"19":{"start":{"line":51,"column":4},"end":{"line":51,"column":28}},"20":{"start":{"line":54,"column":22},"end":{"line":57,"column":3}},"21":{"start":{"line":55,"column":4},"end":{"line":55,"column":30}},"22":{"start":{"line":56,"column":4},"end":{"line":56,"column":45}},"23":{"start":{"line":59,"column":2},"end":{"line":123,"column":3}},"24":{"start":{"line":73,"column":29},"end":{"line":73,"column":54}}},"fnMap":{"0":{"name":"(anonymous_0)","decl":{"start":{"line":15,"column":13},"end":{"line":15,"column":14}},"loc":{"start":{"line":15,"column":33},"end":{"line":124,"column":1}},"line":15},"1":{"name":"(anonymous_1)","decl":{"start":{"line":28,"column":12},"end":{"line":28,"column":13}},"loc":{"start":{"line":28,"column":18},"end":{"line":34,"column":3}},"line":28},"2":{"name":"(anonymous_2)","decl":{"start":{"line":29,"column":17},"end":{"line":29,"column":18}},"loc":{"start":{"line":29,"column":29},"end":{"line":32,"column":5}},"line":29},"3":{"name":"(anonymous_3)","decl":{"start":{"line":36,"column":12},"end":{"line":36,"column":13}},"loc":{"start":{"line":36,"column":18},"end":{"line":38,"column":3}},"line":36},"4":{"name":"(anonymous_4)","decl":{"start":{"line":40,"column":12},"end":{"line":40,"column":13}},"loc":{"start":{"line":40,"column":18},"end":{"line":47,"column":3}},"line":40},"5":{"name":"(anonymous_5)","decl":{"start":{"line":41,"column":33},"end":{"line":41,"column":34}},"loc":{"start":{"line":41,"column":45},"end":{"line":43,"column":5}},"line":41},"6":{"name":"(anonymous_6)","decl":{"start":{"line":44,"column":11},"end":{"line":44,"column":12}},"loc":{"start":{"line":44,"column":17},"end":{"line":46,"column":5}},"line":44},"7":{"name":"(anonymous_7)","decl":{"start":{"line":50,"column":22},"end":{"line":50,"column":23}},"loc":{"start":{"line":50,"column":28},"end":{"line":52,"column":3}},"line":50},"8":{"name":"(anonymous_8)","decl":{"start":{"line":54,"column":22},"end":{"line":54,"column":23}},"loc":{"start":{"line":54,"column":34},"end":{"line":57,"column":3}},"line":54},"9":{"name":"(anonymous_9)","decl":{"start":{"line":73,"column":21},"end":{"line":73,"column":22}},"loc":{"start":{"line":73,"column":27},"end":{"line":73,"column":56}},"line":73}},"branchMap":{"0":{"loc":{"start":{"line":64,"column":10},"end":{"line":65,"column":35}},"type":"cond-expr","locations":[{"start":{"line":64,"column":22},"end":{"line":64,"column":44}},{"start":{"line":65,"column":14},"end":{"line":65,"column":35}}],"line":64},"1":{"loc":{"start":{"line":81,"column":22},"end":{"line":83,"column":60}},"type":"cond-expr","locations":[{"start":{"line":82,"column":18},"end":{"line":82,"column":59}},{"start":{"line":83,"column":18},"end":{"line":83,"column":60}}],"line":81},"2":{"loc":{"start":{"line":92,"column":23},"end":{"line":94,"column":26}},"type":"cond-expr","locations":[{"start":{"line":93,"column":14},"end":{"line":93,"column":26}},{"start":{"line":94,"column":14},"end":{"line":94,"column":26}}],"line":92},"3":{"loc":{"start":{"line":100,"column":12},"end":{"line":109,"column":13}},"type":"cond-expr","locations":[{"start":{"line":101,"column":14},"end":{"line":101,"column":64}},{"start":{"line":103,"column":14},"end":{"line":108,"column":21}}],"line":100}},"s":{"0":0,"1":0,"2":0,"3":0,"4":0,"5":0,"6":0,"7":0,"8":0,"9":0,"10":0,"11":0,"12":0,"13":0,"14":0,"15":0,"16":0,"17":0,"18":0,"19":0,"20":0,"21":0,"22":0,"23":0,"24":0},"f":{"0":0,"1":0,"2":0,"3":0,"4":0,"5":0,"6":0,"7":0,"8":0,"9":0},"b":{"0":[0,0],"1":[0,0],"2":[0,0],"3":[0,0]}}
,"D:\\Media\\Dev\\Ettaisyyspolliisi\\components\\Webcam.js": {"path":"D:\\Media\\Dev\\Ettaisyyspolliisi\\components\\Webcam.js","statementMap":{"0":{"start":{"line":8,"column":15},"end":{"line":38,"column":1}},"1":{"start":{"line":9,"column":14},"end":{"line":9,"column":95}},"2":{"start":{"line":11,"column":2},"end":{"line":37,"column":3}},"3":{"start":{"line":18,"column":29},"end":{"line":18,"column":54}}},"fnMap":{"0":{"name":"(anonymous_0)","decl":{"start":{"line":8,"column":15},"end":{"line":8,"column":16}},"loc":{"start":{"line":8,"column":35},"end":{"line":38,"column":1}},"line":8},"1":{"name":"(anonymous_1)","decl":{"start":{"line":18,"column":21},"end":{"line":18,"column":22}},"loc":{"start":{"line":18,"column":27},"end":{"line":18,"column":56}},"line":18}},"branchMap":{},"s":{"0":0,"1":0,"2":0,"3":0},"f":{"0":0,"1":0},"b":{}}
,"D:\\Media\\Dev\\Ettaisyyspolliisi\\style\\style.js": {"path":"D:\\Media\\Dev\\Ettaisyyspolliisi\\style\\style.js","statementMap":{"0":{"start":{"line":3,"column":22},"end":{"line":88,"column":2}}},"fnMap":{},"branchMap":{},"s":{"0":0},"f":{},"b":{}}
,"D:\\Media\\Dev\\Ettaisyyspolliisi\\utils\\location.js": {"path":"D:\\Media\\Dev\\Ettaisyyspolliisi\\utils\\location.js","statementMap":{"0":{"start":{"line":5,"column":25},"end":{"line":15,"column":1}},"1":{"start":{"line":6,"column":2},"end":{"line":14,"column":3}},"2":{"start":{"line":7,"column":4},"end":{"line":7,"column":52}},"3":{"start":{"line":9,"column":4},"end":{"line":13,"column":5}},"4":{"start":{"line":17,"column":24},"end":{"line":32,"column":1}},"5":{"start":{"line":18,"column":2},"end":{"line":31,"column":3}},"6":{"start":{"line":19,"column":4},"end":{"line":28,"column":5}},"7":{"start":{"line":21,"column":28},"end":{"line":21,"column":68}},"8":{"start":{"line":22,"column":28},"end":{"line":22,"column":69}},"9":{"start":{"line":23,"column":22},"end":{"line":23,"column":87}},"10":{"start":{"line":24,"column":8},"end":{"line":24,"column":26}},"11":{"start":{"line":26,"column":17},"end":{"line":26,"column":43}},"12":{"start":{"line":30,"column":4},"end":{"line":30,"column":41}},"13":{"start":{"line":34,"column":17},"end":{"line":41,"column":1}},"14":{"start":{"line":35,"column":2},"end":{"line":40,"column":3}},"15":{"start":{"line":36,"column":18},"end":{"line":36,"column":62}},"16":{"start":{"line":37,"column":4},"end":{"line":37,"column":40}},"17":{"start":{"line":39,"column":4},"end":{"line":39,"column":34}},"18":{"start":{"line":43,"column":29},"end":{"line":46,"column":1}}},"fnMap":{"0":{"name":"(anonymous_0)","decl":{"start":{"line":5,"column":25},"end":{"line":5,"column":26}},"loc":{"start":{"line":5,"column":37},"end":{"line":15,"column":1}},"line":5},"1":{"name":"(anonymous_1)","decl":{"start":{"line":17,"column":24},"end":{"line":17,"column":25}},"loc":{"start":{"line":17,"column":47},"end":{"line":32,"column":1}},"line":17},"2":{"name":"(anonymous_2)","decl":{"start":{"line":20,"column":6},"end":{"line":20,"column":7}},"loc":{"start":{"line":20,"column":20},"end":{"line":25,"column":7}},"line":20},"3":{"name":"(anonymous_3)","decl":{"start":{"line":26,"column":6},"end":{"line":26,"column":7}},"loc":{"start":{"line":26,"column":17},"end":{"line":26,"column":43}},"line":26},"4":{"name":"(anonymous_4)","decl":{"start":{"line":34,"column":17},"end":{"line":34,"column":18}},"loc":{"start":{"line":34,"column":46},"end":{"line":41,"column":1}},"line":34}},"branchMap":{},"s":{"0":0,"1":0,"2":0,"3":0,"4":0,"5":0,"6":0,"7":0,"8":0,"9":0,"10":0,"11":0,"12":0,"13":0,"14":0,"15":0,"16":0,"17":0,"18":0},"f":{"0":0,"1":0,"2":0,"3":0,"4":0},"b":{}}
,"D:\\Media\\Dev\\Ettaisyyspolliisi\\utils\\sharing.js": {"path":"D:\\Media\\Dev\\Ettaisyyspolliisi\\utils\\sharing.js","statementMap":{"0":{"start":{"line":5,"column":29},"end":{"line":22,"column":1}},"1":{"start":{"line":6,"column":2},"end":{"line":6,"column":46}},"2":{"start":{"line":6,"column":27},"end":{"line":6,"column":45}},"3":{"start":{"line":8,"column":2},"end":{"line":12,"column":3}},"4":{"start":{"line":9,"column":4},"end":{"line":9,"column":33}},"5":{"start":{"line":10,"column":4},"end":{"line":10,"column":60}},"6":{"start":{"line":11,"column":4},"end":{"line":11,"column":10}},"7":{"start":{"line":15,"column":19},"end":{"line":19,"column":4}},"8":{"start":{"line":21,"column":2},"end":{"line":21,"column":63}}},"fnMap":{"0":{"name":"(anonymous_0)","decl":{"start":{"line":5,"column":29},"end":{"line":5,"column":30}},"loc":{"start":{"line":5,"column":44},"end":{"line":22,"column":1}},"line":5},"1":{"name":"(anonymous_1)","decl":{"start":{"line":6,"column":20},"end":{"line":6,"column":21}},"loc":{"start":{"line":6,"column":27},"end":{"line":6,"column":45}},"line":6}},"branchMap":{"0":{"loc":{"start":{"line":8,"column":2},"end":{"line":12,"column":3}},"type":"if","locations":[{"start":{"line":8,"column":2},"end":{"line":12,"column":3}},{"start":{"line":8,"column":2},"end":{"line":12,"column":3}}],"line":8}},"s":{"0":0,"1":0,"2":0,"3":0,"4":0,"5":0,"6":0,"7":0,"8":0},"f":{"0":0,"1":0},"b":{"0":[0,0]}}
,"D:\\Media\\Dev\\Ettaisyyspolliisi\\web-build\\register-service-worker.js": {"path":"D:\\Media\\Dev\\Ettaisyyspolliisi\\web-build\\register-service-worker.js","statementMap":{"0":{"start":{"line":3,"column":0},"end":{"line":14,"column":1}},"1":{"start":{"line":4,"column":2},"end":{"line":13,"column":5}},"2":{"start":{"line":5,"column":4},"end":{"line":12,"column":9}},"3":{"start":{"line":11,"column":8},"end":{"line":11,"column":65}}},"fnMap":{"0":{"name":"(anonymous_0)","decl":{"start":{"line":4,"column":34},"end":{"line":4,"column":35}},"loc":{"start":{"line":4,"column":46},"end":{"line":13,"column":3}},"line":4},"1":{"name":"(anonymous_1)","decl":{"start":{"line":7,"column":12},"end":{"line":7,"column":13}},"loc":{"start":{"line":7,"column":28},"end":{"line":9,"column":7}},"line":7},"2":{"name":"(anonymous_2)","decl":{"start":{"line":10,"column":13},"end":{"line":10,"column":14}},"loc":{"start":{"line":10,"column":30},"end":{"line":12,"column":7}},"line":10}},"branchMap":{"0":{"loc":{"start":{"line":3,"column":0},"end":{"line":14,"column":1}},"type":"if","locations":[{"start":{"line":3,"column":0},"end":{"line":14,"column":1}},{"start":{"line":3,"column":0},"end":{"line":14,"column":1}}],"line":3}},"s":{"0":0,"1":0,"2":0,"3":0},"f":{"0":0,"1":0,"2":0},"b":{"0":[0,0]}}
}
